<?xml version="1.0" encoding="UTF-8"?>
<!-- Generated by org.testng.reporters.JUnitReportReporter -->
<testsuite skipped="0" hostname="USBLRMAKZARAK1" name="testing.DirectFromFieldTest" tests="1" failures="0" timestamp="2021-09-16T20:18:40 IST" time="17.512" errors="0">
  <testcase name="homePageTest" time="17.512" classname="testing.DirectFromFieldTest"/>
  <system-out>
    <![CDATA[Launched url]]>
  </system-out>
</testsuite> <!-- testing.DirectFromFieldTest -->
