<?xml version="1.0" encoding="UTF-8"?>
<!-- Generated by org.testng.reporters.JUnitReportReporter -->
<testsuite hostname="USBLRSAURASAHU1" failures="0" tests="4" name="Test.MoisturizerTests" time="21.322" errors="0" timestamp="2021-08-23T15:37:57 IST" skipped="0">
  <testcase classname="Test.MoisturizerTests" name="home_function" time="4.573"/>
  <system-out>
    <![CDATA[homepage completed]]>
  </system-out>
  <testcase classname="Test.MoisturizerTests" name="add_product_function" time="8.107"/>
  <system-out/>
  <testcase classname="Test.MoisturizerTests" name="checkout_function" time="2.341"/>
  <system-out>
    <![CDATA[check toatal price]]>
  </system-out>
  <testcase classname="Test.MoisturizerTests" name="confirm_function" time="6.301"/>
  <system-out/>
</testsuite> <!-- Test.MoisturizerTests -->
