<?xml version="1.0" encoding="UTF-8"?>
<!-- Generated by org.testng.reporters.JUnitReportReporter -->
<testsuite hostname="USBLRSAURASAHU1" failures="0" tests="4" name="Test.SunscreenTests" time="21.491" errors="0" timestamp="2021-08-23T15:37:57 IST" skipped="0">
  <testcase classname="Test.SunscreenTests" name="home_function" time="5.312"/>
  <system-out/>
  <testcase classname="Test.SunscreenTests" name="add_product_function" time="7.551"/>
  <system-out/>
  <testcase classname="Test.SunscreenTests" name="checkout_function" time="2.348"/>
  <system-out>
    <![CDATA[check toatal price]]>
  </system-out>
  <testcase classname="Test.SunscreenTests" name="confirm_function" time="6.280"/>
  <system-out/>
</testsuite> <!-- Test.SunscreenTests -->
